==312== Memcheck, a memory error detector
==312== Copyright (C) 2002-2017, and GNU GPL'd, by Julian Seward et al.
==312== Using Valgrind-3.15.0 and LibVEX; rerun with -h for copyright info
==312== Command: make CPUS=1 qemu-nox
==312== Parent PID: 311
==312== 
==312== error calling PR_SET_PTRACER, vgdb might block
==312== 
==312== HEAP SUMMARY:
==312==     in use at exit: 445,272 bytes in 3,814 blocks
==312==   total heap usage: 19,019 allocs, 15,205 frees, 4,555,606 bytes allocated
==312== 
==312== LEAK SUMMARY:
==312==    definitely lost: 0 bytes in 0 blocks
==312==    indirectly lost: 0 bytes in 0 blocks
==312==      possibly lost: 0 bytes in 0 blocks
==312==    still reachable: 445,272 bytes in 3,814 blocks
==312==         suppressed: 0 bytes in 0 blocks
==312== Reachable blocks (those to which a pointer was found) are not shown.
==312== To see them, rerun with: --leak-check=full --show-leak-kinds=all
==312== 
==312== For lists of detected and suppressed errors, rerun with: -s
==312== ERROR SUMMARY: 0 errors from 0 contexts (suppressed: 0 from 0)
